<?xml version="1.0" encoding="UTF-8"?>
<testsuite xmlns:xsi="http://www.w3.org/2001/XMLSchema-instance" xsi:noNamespaceSchemaLocation="https://maven.apache.org/surefire/maven-surefire-plugin/xsd/surefire-test-report-3.0.xsd" version="3.0" name="com.example.appengine.java8.HelloAppEngineTest(sponge_log)" time="1.246" tests="2" errors="0" skipped="0" failures="0">
  <properties>
    <property name="gopherProxySet" value="false"/>
    <property name="awt.toolkit" value="sun.lwawt.macosx.LWCToolkit"/>
    <property name="file.encoding.pkg" value="sun.io"/>
    <property name="java.specification.version" value="1.8"/>
    <property name="sun.cpu.isalist" value=""/>
    <property name="sun.jnu.encoding" value="UTF-8"/>
    <property name="java.class.path" value="/Users/shirakawamai/github/getting-started-java/appengine-standard-java8/helloworld/target/test-classes:/Users/shirakawamai/github/getting-started-java/appengine-standard-java8/helloworld/target/helloworld-1.0-SNAPSHOT/WEB-INF/classes:/Users/shirakawamai/.m2/repository/com/google/appengine/appengine-api-1.0-sdk/1.9.79/appengine-api-1.0-sdk-1.9.79.jar:/Users/shirakawamai/.m2/repository/javax/inject/javax.inject/1/javax.inject-1.jar:/Users/shirakawamai/.m2/repository/javax/servlet/javax.servlet-api/3.1.0/javax.servlet-api-3.1.0.jar:/Users/shirakawamai/.m2/repository/com/google/appengine/appengine-testing/1.9.79/appengine-testing-1.9.79.jar:/Users/shirakawamai/.m2/repository/com/google/appengine/appengine-api-stubs/1.9.79/appengine-api-stubs-1.9.79.jar:/Users/shirakawamai/.m2/repository/com/google/appengine/appengine-tools-sdk/1.9.79/appengine-tools-sdk-1.9.79.jar:/Users/shirakawamai/.m2/repository/com/google/truth/truth/1.0.1/truth-1.0.1.jar:/Users/shirakawamai/.m2/repository/com/google/guava/guava/28.1-android/guava-28.1-android.jar:/Users/shirakawamai/.m2/repository/com/google/guava/failureaccess/1.0.1/failureaccess-1.0.1.jar:/Users/shirakawamai/.m2/repository/com/google/guava/listenablefuture/9999.0-empty-to-avoid-conflict-with-guava/listenablefuture-9999.0-empty-to-avoid-conflict-with-guava.jar:/Users/shirakawamai/.m2/repository/com/google/j2objc/j2objc-annotations/1.3/j2objc-annotations-1.3.jar:/Users/shirakawamai/.m2/repository/org/codehaus/mojo/animal-sniffer-annotations/1.18/animal-sniffer-annotations-1.18.jar:/Users/shirakawamai/.m2/repository/org/checkerframework/checker-compat-qual/2.5.5/checker-compat-qual-2.5.5.jar:/Users/shirakawamai/.m2/repository/com/googlecode/java-diff-utils/diffutils/1.3.0/diffutils-1.3.0.jar:/Users/shirakawamai/.m2/repository/com/google/auto/value/auto-value-annotations/1.6.3/auto-value-annotations-1.6.3.jar:/Users/shirakawamai/.m2/repository/com/google/errorprone/error_prone_annotations/2.3.3/error_prone_annotations-2.3.3.jar:/Users/shirakawamai/.m2/repository/junit/junit/4.13/junit-4.13.jar:/Users/shirakawamai/.m2/repository/org/hamcrest/hamcrest-core/1.3/hamcrest-core-1.3.jar:/Users/shirakawamai/.m2/repository/org/mockito/mockito-core/3.3.3/mockito-core-3.3.3.jar:/Users/shirakawamai/.m2/repository/net/bytebuddy/byte-buddy/1.10.5/byte-buddy-1.10.5.jar:/Users/shirakawamai/.m2/repository/net/bytebuddy/byte-buddy-agent/1.10.5/byte-buddy-agent-1.10.5.jar:/Users/shirakawamai/.m2/repository/org/objenesis/objenesis/2.6/objenesis-2.6.jar:/Users/shirakawamai/.m2/repository/com/github/spotbugs/spotbugs-annotations/4.0.2/spotbugs-annotations-4.0.2.jar:/Users/shirakawamai/.m2/repository/com/google/code/findbugs/jsr305/3.0.2/jsr305-3.0.2.jar:"/>
    <property name="java.vm.vendor" value="Oracle Corporation"/>
    <property name="sun.arch.data.model" value="64"/>
    <property name="java.vendor.url" value="https://adoptopenjdk.net/"/>
    <property name="user.timezone" value=""/>
    <property name="java.vm.specification.version" value="1.8"/>
    <property name="os.name" value="Mac OS X"/>
    <property name="user.country" value="JP"/>
    <property name="sun.java.launcher" value="SUN_STANDARD"/>
    <property name="sun.boot.library.path" value="/Library/Java/JavaVirtualMachines/adoptopenjdk-8.jdk/Contents/Home/jre/lib"/>
    <property name="sun.java.command" value="/Users/shirakawamai/github/getting-started-java/appengine-standard-java8/helloworld/target/surefire/surefirebooter579487501542523692.jar /Users/shirakawamai/github/getting-started-java/appengine-standard-java8/helloworld/target/surefire 2020-04-22T11-33-56_763-jvmRun1 surefire1524519446044421669tmp surefire_03345708429279611818tmp"/>
    <property name="http.nonProxyHosts" value="local|*.local|169.254/16|*.169.254/16"/>
    <property name="surefire.test.class.path" value="/Users/shirakawamai/github/getting-started-java/appengine-standard-java8/helloworld/target/test-classes:/Users/shirakawamai/github/getting-started-java/appengine-standard-java8/helloworld/target/helloworld-1.0-SNAPSHOT/WEB-INF/classes:/Users/shirakawamai/.m2/repository/com/google/appengine/appengine-api-1.0-sdk/1.9.79/appengine-api-1.0-sdk-1.9.79.jar:/Users/shirakawamai/.m2/repository/javax/inject/javax.inject/1/javax.inject-1.jar:/Users/shirakawamai/.m2/repository/javax/servlet/javax.servlet-api/3.1.0/javax.servlet-api-3.1.0.jar:/Users/shirakawamai/.m2/repository/com/google/appengine/appengine-testing/1.9.79/appengine-testing-1.9.79.jar:/Users/shirakawamai/.m2/repository/com/google/appengine/appengine-api-stubs/1.9.79/appengine-api-stubs-1.9.79.jar:/Users/shirakawamai/.m2/repository/com/google/appengine/appengine-tools-sdk/1.9.79/appengine-tools-sdk-1.9.79.jar:/Users/shirakawamai/.m2/repository/com/google/truth/truth/1.0.1/truth-1.0.1.jar:/Users/shirakawamai/.m2/repository/com/google/guava/guava/28.1-android/guava-28.1-android.jar:/Users/shirakawamai/.m2/repository/com/google/guava/failureaccess/1.0.1/failureaccess-1.0.1.jar:/Users/shirakawamai/.m2/repository/com/google/guava/listenablefuture/9999.0-empty-to-avoid-conflict-with-guava/listenablefuture-9999.0-empty-to-avoid-conflict-with-guava.jar:/Users/shirakawamai/.m2/repository/com/google/j2objc/j2objc-annotations/1.3/j2objc-annotations-1.3.jar:/Users/shirakawamai/.m2/repository/org/codehaus/mojo/animal-sniffer-annotations/1.18/animal-sniffer-annotations-1.18.jar:/Users/shirakawamai/.m2/repository/org/checkerframework/checker-compat-qual/2.5.5/checker-compat-qual-2.5.5.jar:/Users/shirakawamai/.m2/repository/com/googlecode/java-diff-utils/diffutils/1.3.0/diffutils-1.3.0.jar:/Users/shirakawamai/.m2/repository/com/google/auto/value/auto-value-annotations/1.6.3/auto-value-annotations-1.6.3.jar:/Users/shirakawamai/.m2/repository/com/google/errorprone/error_prone_annotations/2.3.3/error_prone_annotations-2.3.3.jar:/Users/shirakawamai/.m2/repository/junit/junit/4.13/junit-4.13.jar:/Users/shirakawamai/.m2/repository/org/hamcrest/hamcrest-core/1.3/hamcrest-core-1.3.jar:/Users/shirakawamai/.m2/repository/org/mockito/mockito-core/3.3.3/mockito-core-3.3.3.jar:/Users/shirakawamai/.m2/repository/net/bytebuddy/byte-buddy/1.10.5/byte-buddy-1.10.5.jar:/Users/shirakawamai/.m2/repository/net/bytebuddy/byte-buddy-agent/1.10.5/byte-buddy-agent-1.10.5.jar:/Users/shirakawamai/.m2/repository/org/objenesis/objenesis/2.6/objenesis-2.6.jar:/Users/shirakawamai/.m2/repository/com/github/spotbugs/spotbugs-annotations/4.0.2/spotbugs-annotations-4.0.2.jar:/Users/shirakawamai/.m2/repository/com/google/code/findbugs/jsr305/3.0.2/jsr305-3.0.2.jar:"/>
    <property name="sun.cpu.endian" value="little"/>
    <property name="user.home" value="/Users/shirakawamai"/>
    <property name="user.language" value="ja"/>
    <property name="java.specification.vendor" value="Oracle Corporation"/>
    <property name="java.home" value="/Library/Java/JavaVirtualMachines/adoptopenjdk-8.jdk/Contents/Home/jre"/>
    <property name="basedir" value="/Users/shirakawamai/github/getting-started-java/appengine-standard-java8/helloworld"/>
    <property name="file.separator" value="/"/>
    <property name="line.separator" value="&#10;"/>
    <property name="java.vm.specification.vendor" value="Oracle Corporation"/>
    <property name="java.specification.name" value="Java Platform API Specification"/>
    <property name="java.awt.graphicsenv" value="sun.awt.CGraphicsEnvironment"/>
    <property name="surefire.real.class.path" value="/Users/shirakawamai/github/getting-started-java/appengine-standard-java8/helloworld/target/surefire/surefirebooter579487501542523692.jar:/Users/shirakawamai/.m2/repository/org/jacoco/org.jacoco.agent/0.8.5/org.jacoco.agent-0.8.5-runtime.jar"/>
    <property name="sun.boot.class.path" value="/Library/Java/JavaVirtualMachines/adoptopenjdk-8.jdk/Contents/Home/jre/lib/resources.jar:/Library/Java/JavaVirtualMachines/adoptopenjdk-8.jdk/Contents/Home/jre/lib/rt.jar:/Library/Java/JavaVirtualMachines/adoptopenjdk-8.jdk/Contents/Home/jre/lib/sunrsasign.jar:/Library/Java/JavaVirtualMachines/adoptopenjdk-8.jdk/Contents/Home/jre/lib/jsse.jar:/Library/Java/JavaVirtualMachines/adoptopenjdk-8.jdk/Contents/Home/jre/lib/jce.jar:/Library/Java/JavaVirtualMachines/adoptopenjdk-8.jdk/Contents/Home/jre/lib/charsets.jar:/Library/Java/JavaVirtualMachines/adoptopenjdk-8.jdk/Contents/Home/jre/lib/jfr.jar:/Library/Java/JavaVirtualMachines/adoptopenjdk-8.jdk/Contents/Home/jre/classes"/>
    <property name="sun.management.compiler" value="HotSpot 64-Bit Tiered Compilers"/>
    <property name="ftp.nonProxyHosts" value="local|*.local|169.254/16|*.169.254/16"/>
    <property name="java.runtime.version" value="1.8.0_202-b08"/>
    <property name="user.name" value="shirakawamai"/>
    <property name="path.separator" value=":"/>
    <property name="os.version" value="10.15.2"/>
    <property name="java.endorsed.dirs" value="/Library/Java/JavaVirtualMachines/adoptopenjdk-8.jdk/Contents/Home/jre/lib/endorsed"/>
    <property name="java.runtime.name" value="OpenJDK Runtime Environment"/>
    <property name="file.encoding" value="UTF-8"/>
    <property name="java.vm.name" value="OpenJDK 64-Bit Server VM"/>
    <property name="localRepository" value="/Users/shirakawamai/.m2/repository"/>
    <property name="java.vendor.url.bug" value="https://github.com/AdoptOpenJDK/openjdk-build/issues"/>
    <property name="java.io.tmpdir" value="/var/folders/nt/92ywnwzd2p73p6vkjt1djkh40000gn/T/"/>
    <property name="java.version" value="1.8.0_202"/>
    <property name="user.dir" value="/Users/shirakawamai/github/getting-started-java/appengine-standard-java8/helloworld"/>
    <property name="os.arch" value="x86_64"/>
    <property name="java.vm.specification.name" value="Java Virtual Machine Specification"/>
    <property name="java.awt.printerjob" value="sun.lwawt.macosx.CPrinterJob"/>
    <property name="sun.os.patch.level" value="unknown"/>
    <property name="java.library.path" value="/Users/shirakawamai/Library/Java/Extensions:/Library/Java/Extensions:/Network/Library/Java/Extensions:/System/Library/Java/Extensions:/usr/lib/java:."/>
    <property name="java.vm.info" value="mixed mode"/>
    <property name="java.vendor" value="AdoptOpenJdk"/>
    <property name="java.vm.version" value="25.202-b08"/>
    <property name="java.ext.dirs" value="/Users/shirakawamai/Library/Java/Extensions:/Library/Java/JavaVirtualMachines/adoptopenjdk-8.jdk/Contents/Home/jre/lib/ext:/Library/Java/Extensions:/Network/Library/Java/Extensions:/System/Library/Java/Extensions:/usr/lib/java"/>
    <property name="sun.io.unicode.encoding" value="UnicodeBig"/>
    <property name="java.class.version" value="52.0"/>
    <property name="socksNonProxyHosts" value="local|*.local|169.254/16|*.169.254/16"/>
  </properties>
  <testcase name="helloInfoTest" classname="com.example.appengine.java8.HelloAppEngineTest(sponge_log)" time="1.061"/>
  <testcase name="doGetWritesResponse" classname="com.example.appengine.java8.HelloAppEngineTest(sponge_log)" time="0.024"/>
</testsuite>